<?xml version="1.0" encoding="UTF-8"?>
<!-- Generated by org.testng.reporters.JUnitReportReporter -->
<testsuite hostname="192-168-1-104.tpgi.com.au" failures="0" tests="8" name="Test01_Application_Authorisation" time="20.877" errors="0" timestamp="2021-11-24T19:06:14 AEDT" skipped="0">
  <testcase classname="Test01_Application_Authorisation" name="test_user_leaderboard_add_new_user_post" time="2.997"/>
  <system-out/>
  <testcase classname="Test01_Application_Authorisation" name="test_user_leaderboard_return_list_users_get" time="2.865"/>
  <system-out/>
  <testcase classname="Test01_Application_Authorisation" name="test_user_authentication_register_post" time="1.609"/>
  <system-out/>
  <testcase classname="Test01_Application_Authorisation" name="test_application_authorisation_get" time="5.367"/>
  <system-out/>
  <testcase classname="Test01_Application_Authorisation" name="test_user_leaderboard_delete_users" time="1.433"/>
  <system-out/>
  <testcase classname="Test01_Application_Authorisation" name="test_application_authorisation_post" time="1.733"/>
  <system-out/>
  <testcase classname="Test01_Application_Authorisation" name="test_user_authentication_login_post" time="3.130"/>
  <system-out/>
  <testcase classname="Test01_Application_Authorisation" name="test_user_leaderboard_update_user_post" time="1.743"/>
  <system-out/>
</testsuite> <!-- Test01_Application_Authorisation -->
